<?xml version="1.0" encoding="UTF-8"?>
<testsuite xmlns:xsi="http://www.w3.org/2001/XMLSchema-instance" xsi:noNamespaceSchemaLocation="https://maven.apache.org/surefire/maven-surefire-plugin/xsd/surefire-test-report.xsd" name="Mesto1Test" time="62.585" tests="2" errors="1" skipped="0" failures="1">
  <properties>
[...]
</properties>
  <testcase name="likeTheFirstPhoto" classname="Mesto1Test" time="56.466">
    <error message="Cannot invoke method getAt() on null object" type="java.lang.IllegalArgumentException">java.lang.IllegalArgumentException: Cannot invoke method getAt() on null object
	at Mesto1Test.getTheFirstPhotoId(Mesto1Test.java:48)
	at Mesto1Test.likeTheFirstPhoto(Mesto1Test.java:36)
Caused by: java.lang.NullPointerException: Cannot invoke method getAt() on null object
	at Mesto1Test.getTheFirstPhotoId(Mesto1Test.java:48)
	at Mesto1Test.likeTheFirstPhoto(Mesto1Test.java:36)
</error>
    <system-err><![CDATA[SLF4J: Failed to load class "org.slf4j.impl.StaticLoggerBinder".
SLF4J: Defaulting to no-operation (NOP) logger implementation
SLF4J: See http://www.slf4j.org/codes.html#StaticLoggerBinder for further details.
]]></system-err>
  </testcase>
  <testcase name="addNewPhoto" classname="Mesto1Test" time="3.646">
    <failure message="1 expectation failed.&#10;Expected status code &lt;201&gt; but was &lt;401&gt;.&#10;" type="java.lang.AssertionError"><![CDATA[java.lang.AssertionError: 
1 expectation failed.
Expected status code <201> but was <401>.

	at Mesto1Test.addNewPhoto(Mesto1Test.java:29)
]]></failure>
  </testcase>
</testsuite>